<?xml version="1.0" encoding="UTF-8"?>
<testsuite name="com.example.testingweb.WebLayerTest" tests="1" skipped="0" failures="0" errors="0" timestamp="2023-01-06T14:21:18" hostname="JSILVAE-CL" time="0.04">
  <properties/>
  <testcase name="shouldReturnDefaultMessage()" classname="com.example.testingweb.WebLayerTest" time="0.04"/>
  <system-out><![CDATA[2023-01-06 11:21:16.472  INFO 24968 --- [    Test worker] .b.t.a.w.s.WebMvcTestContextBootstrapper : Neither @ContextConfiguration nor @ContextHierarchy found for test class [com.example.testingweb.WebLayerTest], using SpringBootContextLoader
2023-01-06 11:21:16.475  INFO 24968 --- [    Test worker] o.s.t.c.support.AbstractContextLoader    : Could not detect default resource locations for test class [com.example.testingweb.WebLayerTest]: no resource found for suffixes {-context.xml, Context.groovy}.
2023-01-06 11:21:16.476  INFO 24968 --- [    Test worker] t.c.s.AnnotationConfigContextLoaderUtils : Could not detect default configuration classes for test class [com.example.testingweb.WebLayerTest]: WebLayerTest does not declare any static, non-private, non-final, nested classes annotated with @Configuration.
2023-01-06 11:21:16.515  INFO 24968 --- [    Test worker] .b.t.c.SpringBootTestContextBootstrapper : Found @SpringBootConfiguration com.example.testingweb.TestingWebApplication for test class com.example.testingweb.WebLayerTest
2023-01-06 11:21:16.518  INFO 24968 --- [    Test worker] .b.t.a.w.s.WebMvcTestContextBootstrapper : Loaded default TestExecutionListener class names from location [META-INF/spring.factories]: [org.springframework.boot.test.autoconfigure.restdocs.RestDocsTestExecutionListener, org.springframework.boot.test.autoconfigure.web.client.MockRestServiceServerResetTestExecutionListener, org.springframework.boot.test.autoconfigure.web.servlet.MockMvcPrintOnlyOnFailureTestExecutionListener, org.springframework.boot.test.autoconfigure.web.servlet.WebDriverTestExecutionListener, org.springframework.boot.test.autoconfigure.webservices.client.MockWebServiceServerTestExecutionListener, org.springframework.boot.test.mock.mockito.MockitoTestExecutionListener, org.springframework.boot.test.mock.mockito.ResetMocksTestExecutionListener, org.springframework.test.context.web.ServletTestExecutionListener, org.springframework.test.context.support.DirtiesContextBeforeModesTestExecutionListener, org.springframework.test.context.event.ApplicationEventsTestExecutionListener, org.springframework.test.context.support.DependencyInjectionTestExecutionListener, org.springframework.test.context.support.DirtiesContextTestExecutionListener, org.springframework.test.context.transaction.TransactionalTestExecutionListener, org.springframework.test.context.jdbc.SqlScriptsTestExecutionListener, org.springframework.test.context.event.EventPublishingTestExecutionListener]
2023-01-06 11:21:16.524  INFO 24968 --- [    Test worker] .b.t.a.w.s.WebMvcTestContextBootstrapper : Using TestExecutionListeners: [org.springframework.test.context.web.ServletTestExecutionListener@5b456934, org.springframework.test.context.support.DirtiesContextBeforeModesTestExecutionListener@27df1785, org.springframework.test.context.event.ApplicationEventsTestExecutionListener@54cf4de3, org.springframework.boot.test.mock.mockito.MockitoTestExecutionListener@197e4e2f, org.springframework.boot.test.autoconfigure.SpringBootDependencyInjectionTestExecutionListener@698298fd, org.springframework.test.context.support.DirtiesContextTestExecutionListener@363ec977, org.springframework.test.context.event.EventPublishingTestExecutionListener@18302a06, org.springframework.boot.test.autoconfigure.restdocs.RestDocsTestExecutionListener@73541019, org.springframework.boot.test.autoconfigure.web.client.MockRestServiceServerResetTestExecutionListener@e6c2bfe, org.springframework.boot.test.autoconfigure.web.servlet.MockMvcPrintOnlyOnFailureTestExecutionListener@4e592e35, org.springframework.boot.test.autoconfigure.web.servlet.WebDriverTestExecutionListener@57a05de2, org.springframework.boot.test.autoconfigure.webservices.client.MockWebServiceServerTestExecutionListener@4a74bd7, org.springframework.boot.test.mock.mockito.ResetMocksTestExecutionListener@6bfba366]

  .   ____          _            __ _ _
 /\\ / ___'_ __ _ _(_)_ __  __ _ \ \ \ \
( ( )\___ | '_ | '_| | '_ \/ _` | \ \ \ \
 \\/  ___)| |_)| | | | | || (_| |  ) ) ) )
  '  |____| .__|_| |_|_| |_\__, | / / / /
 =========|_|==============|___/=/_/_/_/
 :: Spring Boot ::                (v2.6.3)

2023-01-06 11:21:16.642  INFO 24968 --- [    Test worker] com.example.testingweb.WebLayerTest      : Starting WebLayerTest using Java 11.0.16.1 on JSILVAE-CL with PID 24968 (started by jsilvae in C:\Users\jsilvae\Documents\clase-github\microservicio-spring)
2023-01-06 11:21:16.643  INFO 24968 --- [    Test worker] com.example.testingweb.WebLayerTest      : No active profile set, falling back to default profiles: default
2023-01-06 11:21:18.564  INFO 24968 --- [    Test worker] o.s.b.t.m.w.SpringBootMockServletContext : Initializing Spring TestDispatcherServlet ''
2023-01-06 11:21:18.565  INFO 24968 --- [    Test worker] o.s.t.web.servlet.TestDispatcherServlet  : Initializing Servlet ''
2023-01-06 11:21:18.566  INFO 24968 --- [    Test worker] o.s.t.web.servlet.TestDispatcherServlet  : Completed initialization in 1 ms
2023-01-06 11:21:18.622  INFO 24968 --- [    Test worker] com.example.testingweb.WebLayerTest      : Started WebLayerTest in 2.089 seconds (JVM running for 29.342)

MockHttpServletRequest:
      HTTP Method = GET
      Request URI = /
       Parameters = {}
          Headers = []
             Body = null
    Session Attrs = {}

Handler:
             Type = com.example.testingweb.HomeController
           Method = com.example.testingweb.HomeController#greeting()

Async:
    Async started = false
     Async result = null

Resolved Exception:
             Type = null

ModelAndView:
        View name = null
             View = null
            Model = null

FlashMap:
       Attributes = null

MockHttpServletResponse:
           Status = 200
    Error message = null
          Headers = [Content-Type:"text/plain;charset=UTF-8", Content-Length:"12"]
     Content type = text/plain;charset=UTF-8
             Body = Hello, World
    Forwarded URL = null
   Redirected URL = null
          Cookies = []
]]></system-out>
  <system-err><![CDATA[]]></system-err>
</testsuite>
