<?xml version="1.0" encoding="UTF-8"?>
<testsuite name="com.example.testingweb.SmokeTest" tests="1" skipped="0" failures="0" errors="0" timestamp="2023-01-06T14:21:12" hostname="JSILVAE-CL" time="0.018">
  <properties/>
  <testcase name="contextLoads()" classname="com.example.testingweb.SmokeTest" time="0.018"/>
  <system-out><![CDATA[2023-01-06 11:21:09.607  INFO 24968 --- [    Test worker] .b.t.c.SpringBootTestContextBootstrapper : Neither @ContextConfiguration nor @ContextHierarchy found for test class [com.example.testingweb.SmokeTest], using SpringBootContextLoader
2023-01-06 11:21:09.613  INFO 24968 --- [    Test worker] o.s.t.c.support.AbstractContextLoader    : Could not detect default resource locations for test class [com.example.testingweb.SmokeTest]: no resource found for suffixes {-context.xml, Context.groovy}.
2023-01-06 11:21:09.614  INFO 24968 --- [    Test worker] t.c.s.AnnotationConfigContextLoaderUtils : Could not detect default configuration classes for test class [com.example.testingweb.SmokeTest]: SmokeTest does not declare any static, non-private, non-final, nested classes annotated with @Configuration.
2023-01-06 11:21:09.619  INFO 24968 --- [    Test worker] .b.t.c.SpringBootTestContextBootstrapper : Found @SpringBootConfiguration com.example.testingweb.TestingWebApplication for test class com.example.testingweb.SmokeTest
2023-01-06 11:21:09.630  INFO 24968 --- [    Test worker] .b.t.c.SpringBootTestContextBootstrapper : Loaded default TestExecutionListener class names from location [META-INF/spring.factories]: [org.springframework.boot.test.autoconfigure.restdocs.RestDocsTestExecutionListener, org.springframework.boot.test.autoconfigure.web.client.MockRestServiceServerResetTestExecutionListener, org.springframework.boot.test.autoconfigure.web.servlet.MockMvcPrintOnlyOnFailureTestExecutionListener, org.springframework.boot.test.autoconfigure.web.servlet.WebDriverTestExecutionListener, org.springframework.boot.test.autoconfigure.webservices.client.MockWebServiceServerTestExecutionListener, org.springframework.boot.test.mock.mockito.MockitoTestExecutionListener, org.springframework.boot.test.mock.mockito.ResetMocksTestExecutionListener, org.springframework.test.context.web.ServletTestExecutionListener, org.springframework.test.context.support.DirtiesContextBeforeModesTestExecutionListener, org.springframework.test.context.event.ApplicationEventsTestExecutionListener, org.springframework.test.context.support.DependencyInjectionTestExecutionListener, org.springframework.test.context.support.DirtiesContextTestExecutionListener, org.springframework.test.context.transaction.TransactionalTestExecutionListener, org.springframework.test.context.jdbc.SqlScriptsTestExecutionListener, org.springframework.test.context.event.EventPublishingTestExecutionListener]
2023-01-06 11:21:09.638  INFO 24968 --- [    Test worker] .b.t.c.SpringBootTestContextBootstrapper : Using TestExecutionListeners: [org.springframework.test.context.web.ServletTestExecutionListener@207ba11f, org.springframework.test.context.support.DirtiesContextBeforeModesTestExecutionListener@36d24d57, org.springframework.test.context.event.ApplicationEventsTestExecutionListener@31dd9fbe, org.springframework.boot.test.mock.mockito.MockitoTestExecutionListener@5626204f, org.springframework.boot.test.autoconfigure.SpringBootDependencyInjectionTestExecutionListener@2ba800cd, org.springframework.test.context.support.DirtiesContextTestExecutionListener@fb4581a, org.springframework.test.context.event.EventPublishingTestExecutionListener@5249163d, org.springframework.boot.test.autoconfigure.restdocs.RestDocsTestExecutionListener@350a7063, org.springframework.boot.test.autoconfigure.web.client.MockRestServiceServerResetTestExecutionListener@5e4fa067, org.springframework.boot.test.autoconfigure.web.servlet.MockMvcPrintOnlyOnFailureTestExecutionListener@7396573c, org.springframework.boot.test.autoconfigure.web.servlet.WebDriverTestExecutionListener@69f44f8d, org.springframework.boot.test.autoconfigure.webservices.client.MockWebServiceServerTestExecutionListener@f9ba3b8, org.springframework.boot.test.mock.mockito.ResetMocksTestExecutionListener@2cf466b4]

  .   ____          _            __ _ _
 /\\ / ___'_ __ _ _(_)_ __  __ _ \ \ \ \
( ( )\___ | '_ | '_| | '_ \/ _` | \ \ \ \
 \\/  ___)| |_)| | | | | || (_| |  ) ) ) )
  '  |____| .__|_| |_|_| |_\__, | / / / /
 =========|_|==============|___/=/_/_/_/
 :: Spring Boot ::                (v2.6.3)

2023-01-06 11:21:09.821  INFO 24968 --- [    Test worker] com.example.testingweb.SmokeTest         : Starting SmokeTest using Java 11.0.16.1 on JSILVAE-CL with PID 24968 (started by jsilvae in C:\Users\jsilvae\Documents\clase-github\microservicio-spring)
2023-01-06 11:21:09.822  INFO 24968 --- [    Test worker] com.example.testingweb.SmokeTest         : No active profile set, falling back to default profiles: default
2023-01-06 11:21:12.852  INFO 24968 --- [    Test worker] com.example.testingweb.SmokeTest         : Started SmokeTest in 3.178 seconds (JVM running for 23.572)
]]></system-out>
  <system-err><![CDATA[]]></system-err>
</testsuite>
